****                   ADMIXTURE Version 1.3.0                  ****
****                    Copyright 2008-2015                     ****
****           David Alexander, Suyash Shringarpure,            ****
****                John  Novembre, Ken Lange                   ****
****                                                            ****
****                 Please cite our paper!                     ****
****   Information at www.genetics.ucla.edu/software/admixture  ****

Cross-validation will be performed.  Folds=6.
Random seed: 43
Point estimation method: Block relaxation algorithm
Convergence acceleration algorithm: QuasiNewton, 3 secant conditions
Point estimation will terminate when objective function delta < 0.0001
Estimation of standard errors disabled; will compute point estimates only.
Size of G: 151x16103
Performing five EM steps to prime main algorithm
1 (EM) 	Elapsed: 0.213	Loglikelihood: -1.05671e+06	(delta): 2.62492e+06
2 (EM) 	Elapsed: 0.219	Loglikelihood: -1.05671e+06	(delta): 0
3 (EM) 	Elapsed: 0.216	Loglikelihood: -1.05671e+06	(delta): 0
4 (EM) 	Elapsed: 0.279	Loglikelihood: -1.05671e+06	(delta): 0
5 (EM) 	Elapsed: 0.281	Loglikelihood: -1.05671e+06	(delta): 0
Initial loglikelihood: -1.05671e+06
Starting main algorithm
1 (QN/Block) 	Elapsed: 0.646	Loglikelihood: -1.05671e+06	(delta): 0
Summary: 
Converged in 1 iterations (2.274 sec)
Loglikelihood: -1056709.785449
CV error (K=1): 0.37633
Writing output files.
