****                   ADMIXTURE Version 1.3.0                  ****
****                    Copyright 2008-2015                     ****
****           David Alexander, Suyash Shringarpure,            ****
****                John  Novembre, Ken Lange                   ****
****                                                            ****
****                 Please cite our paper!                     ****
****   Information at www.genetics.ucla.edu/software/admixture  ****

Cross-validation will be performed.  Folds=6.
Random seed: 43
Point estimation method: Block relaxation algorithm
Convergence acceleration algorithm: QuasiNewton, 3 secant conditions
Point estimation will terminate when objective function delta < 0.0001
Estimation of standard errors disabled; will compute point estimates only.
Size of G: 151x16103
Performing five EM steps to prime main algorithm
1 (EM) 	Elapsed: 0.327	Loglikelihood: -1.10448e+06	(delta): 2.03982e+06
2 (EM) 	Elapsed: 0.329	Loglikelihood: -1.06318e+06	(delta): 41296.4
3 (EM) 	Elapsed: 0.349	Loglikelihood: -1.05447e+06	(delta): 8713.58
4 (EM) 	Elapsed: 0.321	Loglikelihood: -1.0506e+06	(delta): 3870.82
5 (EM) 	Elapsed: 0.337	Loglikelihood: -1.04879e+06	(delta): 1803.36
Initial loglikelihood: -1.04879e+06
Starting main algorithm
1 (QN/Block) 	Elapsed: 0.72	Loglikelihood: -1.04609e+06	(delta): 2701.7
2 (QN/Block) 	Elapsed: 0.829	Loglikelihood: -1.04525e+06	(delta): 845.566
3 (QN/Block) 	Elapsed: 0.904	Loglikelihood: -1.0446e+06	(delta): 641.285
4 (QN/Block) 	Elapsed: 1.003	Loglikelihood: -1.04404e+06	(delta): 568.699
5 (QN/Block) 	Elapsed: 0.99	Loglikelihood: -1.04362e+06	(delta): 412.356
6 (QN/Block) 	Elapsed: 1.112	Loglikelihood: -1.04317e+06	(delta): 455.993
7 (QN/Block) 	Elapsed: 1.076	Loglikelihood: -1.04282e+06	(delta): 346.066
8 (QN/Block) 	Elapsed: 1.088	Loglikelihood: -1.04246e+06	(delta): 363.052
9 (QN/Block) 	Elapsed: 0.939	Loglikelihood: -1.04222e+06	(delta): 237.412
10 (QN/Block) 	Elapsed: 1.04	Loglikelihood: -1.042e+06	(delta): 219.094
11 (QN/Block) 	Elapsed: 1.08	Loglikelihood: -1.04189e+06	(delta): 113.14
12 (QN/Block) 	Elapsed: 1.009	Loglikelihood: -1.04183e+06	(delta): 54.304
13 (QN/Block) 	Elapsed: 1.001	Loglikelihood: -1.04179e+06	(delta): 42.6911
14 (QN/Block) 	Elapsed: 1.138	Loglikelihood: -1.04172e+06	(delta): 68.9137
15 (QN/Block) 	Elapsed: 1.109	Loglikelihood: -1.04169e+06	(delta): 34.5809
16 (QN/Block) 	Elapsed: 1.264	Loglikelihood: -1.04167e+06	(delta): 21.4895
17 (QN/Block) 	Elapsed: 1.214	Loglikelihood: -1.04166e+06	(delta): 4.48697
18 (QN/Block) 	Elapsed: 1.344	Loglikelihood: -1.04165e+06	(delta): 6.65355
19 (QN/Block) 	Elapsed: 1.199	Loglikelihood: -1.04164e+06	(delta): 14.4344
20 (QN/Block) 	Elapsed: 1.066	Loglikelihood: -1.04162e+06	(delta): 21.3999
21 (QN/Block) 	Elapsed: 1.203	Loglikelihood: -1.0416e+06	(delta): 21.6645
22 (QN/Block) 	Elapsed: 1.126	Loglikelihood: -1.04158e+06	(delta): 14.1095
23 (QN/Block) 	Elapsed: 1.259	Loglikelihood: -1.04158e+06	(delta): 6.00025
24 (QN/Block) 	Elapsed: 1.284	Loglikelihood: -1.04157e+06	(delta): 9.02638
25 (QN/Block) 	Elapsed: 1.157	Loglikelihood: -1.04156e+06	(delta): 7.61256
26 (QN/Block) 	Elapsed: 1.199	Loglikelihood: -1.04156e+06	(delta): 4.94629
27 (QN/Block) 	Elapsed: 1.195	Loglikelihood: -1.04155e+06	(delta): 4.79461
28 (QN/Block) 	Elapsed: 1.086	Loglikelihood: -1.04155e+06	(delta): 2.12794
29 (QN/Block) 	Elapsed: 1.083	Loglikelihood: -1.04155e+06	(delta): 1.18221
30 (QN/Block) 	Elapsed: 1.098	Loglikelihood: -1.04155e+06	(delta): 0.421767
31 (QN/Block) 	Elapsed: 1.064	Loglikelihood: -1.04155e+06	(delta): 0.175952
32 (QN/Block) 	Elapsed: 0.992	Loglikelihood: -1.04155e+06	(delta): 0.0572584
33 (QN/Block) 	Elapsed: 1.105	Loglikelihood: -1.04155e+06	(delta): 0.0331684
34 (QN/Block) 	Elapsed: 1.097	Loglikelihood: -1.04155e+06	(delta): 0.00815505
35 (QN/Block) 	Elapsed: 1.07	Loglikelihood: -1.04155e+06	(delta): 0.00326179
36 (QN/Block) 	Elapsed: 1.092	Loglikelihood: -1.04155e+06	(delta): 0.00111784
37 (QN/Block) 	Elapsed: 0.997	Loglikelihood: -1.04155e+06	(delta): 0.000624073
38 (QN/Block) 	Elapsed: 1.114	Loglikelihood: -1.04155e+06	(delta): 0.000101111
39 (QN/Block) 	Elapsed: 1.124	Loglikelihood: -1.04155e+06	(delta): 1.04248e-05
Summary: 
Converged in 39 iterations (46.65 sec)
Loglikelihood: -1041546.983029
Fst divergences between estimated populations: 
	Pop0	
Pop0	
Pop1	0.033	
CV error (K=2): 0.39824
Writing output files.
