****                   ADMIXTURE Version 1.3.0                  ****
****                    Copyright 2008-2015                     ****
****           David Alexander, Suyash Shringarpure,            ****
****                John  Novembre, Ken Lange                   ****
****                                                            ****
****                 Please cite our paper!                     ****
****   Information at www.genetics.ucla.edu/software/admixture  ****

Cross-validation will be performed.  Folds=6.
Random seed: 43
Point estimation method: Block relaxation algorithm
Convergence acceleration algorithm: QuasiNewton, 3 secant conditions
Point estimation will terminate when objective function delta < 0.0001
Estimation of standard errors disabled; will compute point estimates only.
Size of G: 151x16103
Performing five EM steps to prime main algorithm
1 (EM) 	Elapsed: 1.198	Loglikelihood: -1.13532e+06	(delta): 1.60157e+06
2 (EM) 	Elapsed: 1.218	Loglikelihood: -1.06833e+06	(delta): 66995.2
3 (EM) 	Elapsed: 1.234	Loglikelihood: -1.05422e+06	(delta): 14105.4
4 (EM) 	Elapsed: 1.21	Loglikelihood: -1.04626e+06	(delta): 7964.58
5 (EM) 	Elapsed: 1.242	Loglikelihood: -1.0406e+06	(delta): 5660.83
Initial loglikelihood: -1.0406e+06
Starting main algorithm
1 (QN/Block) 	Elapsed: 1.971	Loglikelihood: -1.01378e+06	(delta): 26814.3
2 (QN/Block) 	Elapsed: 1.731	Loglikelihood: -1.00765e+06	(delta): 6129.06
3 (QN/Block) 	Elapsed: 1.879	Loglikelihood: -1.00386e+06	(delta): 3794.35
4 (QN/Block) 	Elapsed: 1.918	Loglikelihood: -1.00141e+06	(delta): 2451.19
5 (QN/Block) 	Elapsed: 1.965	Loglikelihood: -999246	(delta): 2160.3
6 (QN/Block) 	Elapsed: 1.998	Loglikelihood: -997772	(delta): 1473.9
7 (QN/Block) 	Elapsed: 1.989	Loglikelihood: -997149	(delta): 622.982
8 (QN/Block) 	Elapsed: 2.107	Loglikelihood: -996807	(delta): 342.749
9 (QN/Block) 	Elapsed: 2.068	Loglikelihood: -996593	(delta): 213.902
10 (QN/Block) 	Elapsed: 1.925	Loglikelihood: -996449	(delta): 143.742
11 (QN/Block) 	Elapsed: 1.934	Loglikelihood: -996318	(delta): 130.892
12 (QN/Block) 	Elapsed: 2.095	Loglikelihood: -996164	(delta): 153.655
13 (QN/Block) 	Elapsed: 2.079	Loglikelihood: -996055	(delta): 109.393
14 (QN/Block) 	Elapsed: 2.235	Loglikelihood: -995955	(delta): 100.282
15 (QN/Block) 	Elapsed: 2.156	Loglikelihood: -995869	(delta): 85.3144
16 (QN/Block) 	Elapsed: 2.357	Loglikelihood: -995833	(delta): 36.6934
17 (QN/Block) 	Elapsed: 2.177	Loglikelihood: -995810	(delta): 22.9157
18 (QN/Block) 	Elapsed: 2.361	Loglikelihood: -995763	(delta): 46.7635
19 (QN/Block) 	Elapsed: 2.214	Loglikelihood: -995748	(delta): 15.0434
20 (QN/Block) 	Elapsed: 1.898	Loglikelihood: -995745	(delta): 3.46407
21 (QN/Block) 	Elapsed: 2.018	Loglikelihood: -995742	(delta): 2.6981
22 (QN/Block) 	Elapsed: 2.05	Loglikelihood: -995736	(delta): 5.62012
23 (QN/Block) 	Elapsed: 2.357	Loglikelihood: -995723	(delta): 13.6973
24 (QN/Block) 	Elapsed: 2.202	Loglikelihood: -995719	(delta): 3.37367
25 (QN/Block) 	Elapsed: 2.039	Loglikelihood: -995712	(delta): 6.86004
26 (QN/Block) 	Elapsed: 2.285	Loglikelihood: -995697	(delta): 15.7347
27 (QN/Block) 	Elapsed: 2.171	Loglikelihood: -995685	(delta): 11.5575
28 (QN/Block) 	Elapsed: 2.252	Loglikelihood: -995682	(delta): 2.59784
29 (QN/Block) 	Elapsed: 2.101	Loglikelihood: -995669	(delta): 12.9408
30 (QN/Block) 	Elapsed: 2.25	Loglikelihood: -995627	(delta): 42.2488
31 (QN/Block) 	Elapsed: 2.407	Loglikelihood: -995579	(delta): 47.7965
32 (QN/Block) 	Elapsed: 2.301	Loglikelihood: -995545	(delta): 34.3648
33 (QN/Block) 	Elapsed: 2.394	Loglikelihood: -995518	(delta): 27.3612
34 (QN/Block) 	Elapsed: 2.23	Loglikelihood: -995479	(delta): 38.3891
35 (QN/Block) 	Elapsed: 2.016	Loglikelihood: -995464	(delta): 14.941
36 (QN/Block) 	Elapsed: 2.03	Loglikelihood: -995459	(delta): 5.27131
37 (QN/Block) 	Elapsed: 2.031	Loglikelihood: -995452	(delta): 7.37855
38 (QN/Block) 	Elapsed: 2.231	Loglikelihood: -995442	(delta): 10.0703
39 (QN/Block) 	Elapsed: 2.207	Loglikelihood: -995431	(delta): 10.9911
40 (QN/Block) 	Elapsed: 2.182	Loglikelihood: -995425	(delta): 5.24648
41 (QN/Block) 	Elapsed: 2.468	Loglikelihood: -995423	(delta): 2.51378
42 (QN/Block) 	Elapsed: 2.216	Loglikelihood: -995419	(delta): 3.60171
43 (QN/Block) 	Elapsed: 2.312	Loglikelihood: -995416	(delta): 3.27687
44 (QN/Block) 	Elapsed: 2.206	Loglikelihood: -995416	(delta): 0.426032
45 (QN/Block) 	Elapsed: 2.295	Loglikelihood: -995415	(delta): 0.405601
46 (QN/Block) 	Elapsed: 2.279	Loglikelihood: -995415	(delta): 0.542234
47 (QN/Block) 	Elapsed: 2.273	Loglikelihood: -995414	(delta): 0.975014
48 (QN/Block) 	Elapsed: 2.391	Loglikelihood: -995411	(delta): 2.26765
49 (QN/Block) 	Elapsed: 2.295	Loglikelihood: -995408	(delta): 3.14062
50 (QN/Block) 	Elapsed: 2.445	Loglikelihood: -995407	(delta): 1.15371
51 (QN/Block) 	Elapsed: 2.277	Loglikelihood: -995404	(delta): 2.99529
52 (QN/Block) 	Elapsed: 2.201	Loglikelihood: -995402	(delta): 2.57347
53 (QN/Block) 	Elapsed: 2.138	Loglikelihood: -995399	(delta): 2.74282
54 (QN/Block) 	Elapsed: 2.227	Loglikelihood: -995396	(delta): 2.8023
55 (QN/Block) 	Elapsed: 2.15	Loglikelihood: -995390	(delta): 5.94655
56 (QN/Block) 	Elapsed: 2.203	Loglikelihood: -995373	(delta): 16.6827
57 (QN/Block) 	Elapsed: 2.176	Loglikelihood: -995362	(delta): 11.0297
58 (QN/Block) 	Elapsed: 2.163	Loglikelihood: -995358	(delta): 4.59809
59 (QN/Block) 	Elapsed: 2.074	Loglikelihood: -995353	(delta): 5.23516
60 (QN/Block) 	Elapsed: 1.856	Loglikelihood: -995352	(delta): 0.11578
61 (QN/Block) 	Elapsed: 1.975	Loglikelihood: -995352	(delta): 0.03012
62 (QN/Block) 	Elapsed: 1.986	Loglikelihood: -995352	(delta): 0.0146366
63 (QN/Block) 	Elapsed: 1.993	Loglikelihood: -995352	(delta): 0.020895
64 (QN/Block) 	Elapsed: 2.242	Loglikelihood: -995352	(delta): 0.0116972
65 (QN/Block) 	Elapsed: 2.367	Loglikelihood: -995352	(delta): 0.0101791
66 (QN/Block) 	Elapsed: 2.423	Loglikelihood: -995352	(delta): 0.00561074
67 (QN/Block) 	Elapsed: 1.986	Loglikelihood: -995352	(delta): 0.00306134
68 (QN/Block) 	Elapsed: 1.906	Loglikelihood: -995352	(delta): 0.0002284
69 (QN/Block) 	Elapsed: 1.993	Loglikelihood: -995352	(delta): 5.3686e-05
Summary: 
Converged in 69 iterations (160.027 sec)
Loglikelihood: -995352.292514
Fst divergences between estimated populations: 
	Pop0	Pop1	Pop2	Pop3	Pop4	
Pop0	
Pop1	0.052	
Pop2	0.051	0.045	
Pop3	0.048	0.043	0.039	
Pop4	0.057	0.050	0.048	0.045	
Pop5	0.071	0.064	0.064	0.061	0.069	
CV error (K=6): 0.50126
Writing output files.
